[debug] [2025-04-06T09:34:14.801Z] ----------------------------------------------------------------------
[debug] [2025-04-06T09:34:14.806Z] Command:       C:\Program Files\nodejs\node.exe C:\Users\Vivobook\github\225-github-actions-demo\node_modules\firebase-tools\lib\bin\firebase.js init hosting
[debug] [2025-04-06T09:34:14.807Z] CLI Version:   13.35.1
[debug] [2025-04-06T09:34:14.807Z] Platform:      win32
[debug] [2025-04-06T09:34:14.808Z] Node Version:  v18.18.2
[debug] [2025-04-06T09:34:14.809Z] Time:          Sun Apr 06 2025 16:34:14 GMT+0700 (เวลาอินโดจีน)
[debug] [2025-04-06T09:34:14.810Z] ----------------------------------------------------------------------
[debug] 
[debug] [2025-04-06T09:34:15.414Z] > command requires scopes: ["email","openid","https://www.googleapis.com/auth/cloudplatformprojects.readonly","https://www.googleapis.com/auth/firebase","https://www.googleapis.com/auth/cloud-platform"]
[debug] [2025-04-06T09:34:15.416Z] > authorizing via signed-in user (chotpisit080916c@gmail.com)
[info] 
     ######## #### ########  ######## ########     ###     ######  ########
     ##        ##  ##     ## ##       ##     ##  ##   ##  ##       ##
     ######    ##  ########  ######   ########  #########  ######  ######
     ##        ##  ##    ##  ##       ##     ## ##     ##       ## ##
     ##       #### ##     ## ######## ########  ##     ##  ######  ########

You're about to initialize a Firebase project in this directory:

  C:\Users\Vivobook\github\225-github-actions-demo

Before we get started, keep in mind:

  * You are initializing within an existing Firebase project directory

[info] 
=== Project Setup
[info] 
[info] First, let's associate this project directory with a Firebase project.
[info] You can create multiple project aliases by running firebase use --add, 
[info] but for now we'll just set up a default project.
[info] 
[debug] [2025-04-06T09:34:22.589Z] Using project from CLI flag: se2-cicd
[debug] [2025-04-06T09:34:22.591Z] Checked if tokens are valid: true, expires at: 1743935620601
[debug] [2025-04-06T09:34:22.592Z] Checked if tokens are valid: true, expires at: 1743935620601
[debug] [2025-04-06T09:34:22.595Z] >>> [apiv2][query] GET https://firebase.googleapis.com/v1beta1/projects/se2-cicd [none]
[debug] [2025-04-06T09:34:43.741Z] *** [apiv2] error from fetch(https://firebase.googleapis.com/v1beta1/projects/se2-cicd, {"headers":{},"method":"GET","signal":{}}): FetchError: request to https://firebase.googleapis.com/v1beta1/projects/se2-cicd failed, reason: connect ETIMEDOUT 172.217.25.202:443
[debug] [2025-04-06T09:34:43.742Z] Failed to make request to https://firebase.googleapis.com/v1beta1/projects/se2-cicd (original: request to https://firebase.googleapis.com/v1beta1/projects/se2-cicd failed, reason: connect ETIMEDOUT 172.217.25.202:443)
[debug] [2025-04-06T09:34:43.769Z] FirebaseError: Failed to make request to https://firebase.googleapis.com/v1beta1/projects/se2-cicd
    at RetryOperation._fn (C:\Users\Vivobook\github\225-github-actions-demo\node_modules\firebase-tools\lib\apiv2.js:261:31)
    at process.processTicksAndRejections (node:internal/process/task_queues:95:5)
[error] 
[error] Error: Failed to get Firebase project se2-cicd. Please make sure the project exists and your account has permission to access it.
[debug] [2025-04-06T09:36:38.325Z] ----------------------------------------------------------------------
[debug] [2025-04-06T09:36:38.330Z] Command:       C:\Program Files\nodejs\node.exe C:\Users\Vivobook\github\225-github-actions-demo\node_modules\firebase-tools\lib\bin\firebase.js projects:list
[debug] [2025-04-06T09:36:38.331Z] CLI Version:   13.35.1
[debug] [2025-04-06T09:36:38.332Z] Platform:      win32
[debug] [2025-04-06T09:36:38.332Z] Node Version:  v18.18.2
[debug] [2025-04-06T09:36:38.334Z] Time:          Sun Apr 06 2025 16:36:38 GMT+0700 (เวลาอินโดจีน)
[debug] [2025-04-06T09:36:38.334Z] ----------------------------------------------------------------------
[debug] 
[debug] [2025-04-06T09:36:38.939Z] > command requires scopes: ["email","openid","https://www.googleapis.com/auth/cloudplatformprojects.readonly","https://www.googleapis.com/auth/firebase","https://www.googleapis.com/auth/cloud-platform"]
[debug] [2025-04-06T09:36:38.940Z] > authorizing via signed-in user (chotpisit080916c@gmail.com)
[debug] [2025-04-06T09:36:38.952Z] Checked if tokens are valid: true, expires at: 1743935620601
[debug] [2025-04-06T09:36:38.953Z] Checked if tokens are valid: true, expires at: 1743935620601
[debug] [2025-04-06T09:36:38.957Z] >>> [apiv2][query] GET https://firebase.googleapis.com/v1beta1/projects pageSize=1000
[debug] [2025-04-06T09:36:39.070Z] *** [apiv2] error from fetch(https://firebase.googleapis.com/v1beta1/projects?pageSize=1000, {"headers":{},"method":"GET","signal":{}}): FetchError: request to https://firebase.googleapis.com/v1beta1/projects?pageSize=1000 failed, reason: getaddrinfo ENOTFOUND firebase.googleapis.com
[debug] [2025-04-06T09:36:39.072Z] Failed to make request to https://firebase.googleapis.com/v1beta1/projects?pageSize=1000
[debug] [2025-04-06T09:36:39.094Z] FirebaseError: Failed to make request to https://firebase.googleapis.com/v1beta1/projects?pageSize=1000
    at RetryOperation._fn (C:\Users\Vivobook\github\225-github-actions-demo\node_modules\firebase-tools\lib\apiv2.js:261:31)
    at process.processTicksAndRejections (node:internal/process/task_queues:95:5)
[error] 
[error] Error: Failed to list Firebase projects. See firebase-debug.log for more info.
